android/gcanvas_library/build/intermediates/manifest_merge_blame_file/debug/manifest-merger-blame-debug-report.txt
1<?xml version="1.0" encoding="utf-8"?>
2<manifest xmlns:android="http://schemas.android.com/apk/res/android"
3    package="com.taobao.gcanvas"
4    android:versionCode="1"
5    android:versionName="1.0" >
6
7    <uses-sdk
8        android:minSdkVersion="16"
8-->android\gcanvas_library\AndroidManifest.xml
9        android:targetSdkVersion="28" />
9-->android\gcanvas_library\AndroidManifest.xml
10
11    <uses-feature android:glEsVersion="0x00020000" />
11-->android\gcanvas_library\AndroidManifest.xml:5:5-54
11-->android\gcanvas_library\AndroidManifest.xml:5:19-51
12
13    <application />
13-->android\gcanvas_library\AndroidManifest.xml:6:5-20
14
15</manifest>